<?xml version="1.0" encoding="UTF-8"?>
<!-- Generated by org.testng.reporters.JUnitXMLReporter -->
<testsuite hostname="LAPTOP-09BGILIP" ignored="0" name="cv-library-uk-maven-1" tests="3" failures="0" timestamp="2022-05-10T12:39:22 BST" time="88.055" errors="0">
  <testcase name="verifyJobSearchResultUsingDifferentDataSet" time="25.222" classname="uk.co.library.testsuite.JobSearchTest"/>
  <testcase name="verifyJobSearchResultUsingDifferentDataSet" time="24.559" classname="uk.co.library.testsuite.JobSearchTest"/>
  <testcase name="verifyJobSearchResultUsingDifferentDataSet" time="25.736" classname="uk.co.library.testsuite.JobSearchTest"/>
</testsuite> <!-- cv-library-uk-maven-1 -->
