<?xml version="1.0" encoding="UTF-8"?>
<testng-results skipped="0" failed="0" ignored="0" total="3" passed="3">
  <reporter-output>
  </reporter-output>
  <suite name="Default Suite" duration-ms="88055" started-at="2022-05-10T12:37:54 BST" finished-at="2022-05-10T12:39:22 BST">
    <groups>
      <group name="regression">
        <method signature="JobSearchTest.verifyJobSearchResultUsingDifferentDataSet(java.lang.String,java.lang.String,java.lang.String,java.lang.String,java.lang.String,java.lang.String,java.lang.String,java.lang.String)[pri:0, instance:uk.co.library.testsuite.JobSearchTest@394e1a0f]" name="verifyJobSearchResultUsingDifferentDataSet" class="uk.co.library.testsuite.JobSearchTest"/>
      </group> <!-- regression -->
      <group name="sanity">
        <method signature="JobSearchTest.verifyJobSearchResultUsingDifferentDataSet(java.lang.String,java.lang.String,java.lang.String,java.lang.String,java.lang.String,java.lang.String,java.lang.String,java.lang.String)[pri:0, instance:uk.co.library.testsuite.JobSearchTest@394e1a0f]" name="verifyJobSearchResultUsingDifferentDataSet" class="uk.co.library.testsuite.JobSearchTest"/>
      </group> <!-- sanity -->
    </groups>
    <test name="cv-library-uk-maven-1" duration-ms="88055" started-at="2022-05-10T12:37:54 BST" finished-at="2022-05-10T12:39:22 BST">
      <class name="uk.co.library.testsuite.JobSearchTest">
        <test-method status="PASS" signature="setUp()[pri:0, instance:uk.co.library.testsuite.JobSearchTest@394e1a0f]" name="setUp" is-config="true" duration-ms="4125" started-at="2022-05-10T12:37:54 BST" finished-at="2022-05-10T12:37:58 BST">
          <reporter-output>
          </reporter-output>
        </test-method> <!-- setUp -->
        <test-method status="PASS" signature="inIt()[pri:0, instance:uk.co.library.testsuite.JobSearchTest@394e1a0f]" name="inIt" is-config="true" duration-ms="21" started-at="2022-05-10T12:37:58 BST" finished-at="2022-05-10T12:37:58 BST">
          <reporter-output>
          </reporter-output>
        </test-method> <!-- inIt -->
        <test-method status="PASS" signature="verifyJobSearchResultUsingDifferentDataSet(java.lang.String,java.lang.String,java.lang.String,java.lang.String,java.lang.String,java.lang.String,java.lang.String,java.lang.String)[pri:0, instance:uk.co.library.testsuite.JobSearchTest@394e1a0f]" name="verifyJobSearchResultUsingDifferentDataSet" duration-ms="25222" started-at="2022-05-10T12:37:58 BST" data-provider="jobsearch" finished-at="2022-05-10T12:38:23 BST">
          <params>
            <param index="0">
              <value>
                <![CDATA[tester]]>
              </value>
            </param>
            <param index="1">
              <value>
                <![CDATA[harrow]]>
              </value>
            </param>
            <param index="2">
              <value>
                <![CDATA[up to 5 miles]]>
              </value>
            </param>
            <param index="3">
              <value>
                <![CDATA[30000]]>
              </value>
            </param>
            <param index="4">
              <value>
                <![CDATA[500000]]>
              </value>
            </param>
            <param index="5">
              <value>
                <![CDATA[Per annum]]>
              </value>
            </param>
            <param index="6">
              <value>
                <![CDATA[Permanent]]>
              </value>
            </param>
            <param index="7">
              <value>
                <![CDATA[Permanent Tester jobs in Harrow on the Hill]]>
              </value>
            </param>
          </params>
          <reporter-output>
          </reporter-output>
        </test-method> <!-- verifyJobSearchResultUsingDifferentDataSet -->
        <test-method status="PASS" signature="tearDown()[pri:0, instance:uk.co.library.testsuite.JobSearchTest@394e1a0f]" name="tearDown" is-config="true" duration-ms="863" started-at="2022-05-10T12:38:23 BST" finished-at="2022-05-10T12:38:24 BST">
          <reporter-output>
          </reporter-output>
        </test-method> <!-- tearDown -->
        <test-method status="PASS" signature="setUp()[pri:0, instance:uk.co.library.testsuite.JobSearchTest@394e1a0f]" name="setUp" is-config="true" duration-ms="2918" started-at="2022-05-10T12:38:24 BST" finished-at="2022-05-10T12:38:27 BST">
          <reporter-output>
          </reporter-output>
        </test-method> <!-- setUp -->
        <test-method status="PASS" signature="inIt()[pri:0, instance:uk.co.library.testsuite.JobSearchTest@394e1a0f]" name="inIt" is-config="true" duration-ms="2" started-at="2022-05-10T12:38:27 BST" finished-at="2022-05-10T12:38:27 BST">
          <reporter-output>
          </reporter-output>
        </test-method> <!-- inIt -->
        <test-method status="PASS" signature="verifyJobSearchResultUsingDifferentDataSet(java.lang.String,java.lang.String,java.lang.String,java.lang.String,java.lang.String,java.lang.String,java.lang.String,java.lang.String)[pri:0, instance:uk.co.library.testsuite.JobSearchTest@394e1a0f]" name="verifyJobSearchResultUsingDifferentDataSet" duration-ms="24559" started-at="2022-05-10T12:38:27 BST" data-provider="jobsearch" finished-at="2022-05-10T12:38:52 BST">
          <params>
            <param index="0">
              <value>
                <![CDATA[Automation Tester]]>
              </value>
            </param>
            <param index="1">
              <value>
                <![CDATA[Sheffield]]>
              </value>
            </param>
            <param index="2">
              <value>
                <![CDATA[up to 5 miles]]>
              </value>
            </param>
            <param index="3">
              <value>
                <![CDATA[20000]]>
              </value>
            </param>
            <param index="4">
              <value>
                <![CDATA[40000]]>
              </value>
            </param>
            <param index="5">
              <value>
                <![CDATA[Per annum]]>
              </value>
            </param>
            <param index="6">
              <value>
                <![CDATA[Permanent]]>
              </value>
            </param>
            <param index="7">
              <value>
                <![CDATA[Permanent Automation Tester jobs in Sheffield]]>
              </value>
            </param>
          </params>
          <reporter-output>
          </reporter-output>
        </test-method> <!-- verifyJobSearchResultUsingDifferentDataSet -->
        <test-method status="PASS" signature="tearDown()[pri:0, instance:uk.co.library.testsuite.JobSearchTest@394e1a0f]" name="tearDown" is-config="true" duration-ms="805" started-at="2022-05-10T12:38:52 BST" finished-at="2022-05-10T12:38:53 BST">
          <reporter-output>
          </reporter-output>
        </test-method> <!-- tearDown -->
        <test-method status="PASS" signature="setUp()[pri:0, instance:uk.co.library.testsuite.JobSearchTest@394e1a0f]" name="setUp" is-config="true" duration-ms="2900" started-at="2022-05-10T12:38:53 BST" finished-at="2022-05-10T12:38:56 BST">
          <reporter-output>
          </reporter-output>
        </test-method> <!-- setUp -->
        <test-method status="PASS" signature="inIt()[pri:0, instance:uk.co.library.testsuite.JobSearchTest@394e1a0f]" name="inIt" is-config="true" duration-ms="2" started-at="2022-05-10T12:38:56 BST" finished-at="2022-05-10T12:38:56 BST">
          <reporter-output>
          </reporter-output>
        </test-method> <!-- inIt -->
        <test-method status="PASS" signature="verifyJobSearchResultUsingDifferentDataSet(java.lang.String,java.lang.String,java.lang.String,java.lang.String,java.lang.String,java.lang.String,java.lang.String,java.lang.String)[pri:0, instance:uk.co.library.testsuite.JobSearchTest@394e1a0f]" name="verifyJobSearchResultUsingDifferentDataSet" duration-ms="25736" started-at="2022-05-10T12:38:56 BST" data-provider="jobsearch" finished-at="2022-05-10T12:39:21 BST">
          <params>
            <param index="0">
              <value>
                <![CDATA[manager]]>
              </value>
            </param>
            <param index="1">
              <value>
                <![CDATA[Nottinghamshire]]>
              </value>
            </param>
            <param index="2">
              <value>
                <![CDATA[up to 15 miles]]>
              </value>
            </param>
            <param index="3">
              <value>
                <![CDATA[40000]]>
              </value>
            </param>
            <param index="4">
              <value>
                <![CDATA[45000]]>
              </value>
            </param>
            <param index="5">
              <value>
                <![CDATA[Per annum]]>
              </value>
            </param>
            <param index="6">
              <value>
                <![CDATA[Part Time]]>
              </value>
            </param>
            <param index="7">
              <value>
                <![CDATA[Part Time Manager jobs in Nottinghamshire]]>
              </value>
            </param>
          </params>
          <reporter-output>
          </reporter-output>
        </test-method> <!-- verifyJobSearchResultUsingDifferentDataSet -->
        <test-method status="PASS" signature="tearDown()[pri:0, instance:uk.co.library.testsuite.JobSearchTest@394e1a0f]" name="tearDown" is-config="true" duration-ms="833" started-at="2022-05-10T12:39:21 BST" finished-at="2022-05-10T12:39:22 BST">
          <reporter-output>
          </reporter-output>
        </test-method> <!-- tearDown -->
      </class> <!-- uk.co.library.testsuite.JobSearchTest -->
    </test> <!-- cv-library-uk-maven-1 -->
  </suite> <!-- Default Suite -->
</testng-results>
